facebook/build/outputs/logs/manifest-merger-debug-report.txt
-- Merging decision tree log ---
manifest
ADDED from iPowerTattoo/facebook/AndroidManifest.xml:18:1-21:12
INJECTED from iPowerTattoo/facebook/AndroidManifest.xml:18:1-21:12
INJECTED from iPowerTattoo/facebook/AndroidManifest.xml:18:1-21:12
	package
		ADDED from iPowerTattoo/facebook/AndroidManifest.xml:19:7-37
		INJECTED from iPowerTattoo/facebook/AndroidManifest.xml
		INJECTED from iPowerTattoo/facebook/AndroidManifest.xml
	xmlns:android
		ADDED from iPowerTattoo/facebook/AndroidManifest.xml:18:11-69
application
ADDED from iPowerTattoo/facebook/AndroidManifest.xml:20:5-19
uses-sdk
INJECTED from iPowerTattoo/facebook/AndroidManifest.xml reason: use-sdk injection requested
INJECTED from iPowerTattoo/facebook/AndroidManifest.xml
INJECTED from iPowerTattoo/facebook/AndroidManifest.xml
INJECTED from iPowerTattoo/facebook/AndroidManifest.xml
INJECTED from iPowerTattoo/facebook/AndroidManifest.xml
	android:targetSdkVersion
		INJECTED from iPowerTattoo/facebook/AndroidManifest.xml
		ADDED from iPowerTattoo/facebook/AndroidManifest.xml
		INJECTED from iPowerTattoo/facebook/AndroidManifest.xml
	android:minSdkVersion
		INJECTED from iPowerTattoo/facebook/AndroidManifest.xml
		ADDED from iPowerTattoo/facebook/AndroidManifest.xml
		INJECTED from iPowerTattoo/facebook/AndroidManifest.xml